{"C:\\rek\\tophr-spa\\app\\rrr\\1\\page.tsx": {"path":"C:\\rek\\tophr-spa\\app\\rrr\\1\\page.tsx","statementMap":{"0":{"start":{"line":1,"column":0},"end":{"line":1,"column":null}},"1":{"start":{"line":9,"column":4},"end":{"line":9,"column":null}},"2":{"start":{"line":9,"column":35},"end":{"line":9,"column":60}},"3":{"start":{"line":10,"column":4},"end":{"line":10,"column":null}},"4":{"start":{"line":10,"column":61},"end":{"line":10,"column":null}},"5":{"start":{"line":11,"column":4},"end":{"line":11,"column":null}},"6":{"start":{"line":32,"column":31},"end":{"line":32,"column":null}},"7":{"start":{"line":35,"column":4},"end":{"line":41,"column":null}},"8":{"start":{"line":36,"column":8},"end":{"line":36,"column":null}},"9":{"start":{"line":37,"column":11},"end":{"line":41,"column":null}},"10":{"start":{"line":40,"column":8},"end":{"line":40,"column":null}},"11":{"start":{"line":43,"column":4},"end":{"line":47,"column":null}},"12":{"start":{"line":44,"column":8},"end":{"line":44,"column":null}},"13":{"start":{"line":45,"column":11},"end":{"line":47,"column":null}},"14":{"start":{"line":46,"column":8},"end":{"line":46,"column":null}},"15":{"start":{"line":49,"column":4},"end":{"line":49,"column":null}},"16":{"start":{"line":57,"column":32},"end":{"line":57,"column":null}},"17":{"start":{"line":58,"column":32},"end":{"line":58,"column":null}},"18":{"start":{"line":59,"column":42},"end":{"line":59,"column":null}},"19":{"start":{"line":60,"column":38},"end":{"line":60,"column":null}},"20":{"start":{"line":61,"column":38},"end":{"line":61,"column":null}},"21":{"start":{"line":67,"column":25},"end":{"line":67,"column":null}},"22":{"start":{"line":70,"column":10},"end":{"line":77,"column":null}},"23":{"start":{"line":71,"column":30},"end":{"line":71,"column":null}},"24":{"start":{"line":72,"column":8},"end":{"line":72,"column":null}},"25":{"start":{"line":72,"column":29},"end":{"line":72,"column":54}},"26":{"start":{"line":75,"column":8},"end":{"line":75,"column":null}},"27":{"start":{"line":75,"column":29},"end":{"line":75,"column":58}},"28":{"start":{"line":76,"column":8},"end":{"line":76,"column":null}},"29":{"start":{"line":79,"column":25},"end":{"line":104,"column":null}},"30":{"start":{"line":80,"column":8},"end":{"line":80,"column":null}},"31":{"start":{"line":83,"column":8},"end":{"line":83,"column":null}},"32":{"start":{"line":83,"column":34},"end":{"line":83,"column":null}},"33":{"start":{"line":85,"column":33},"end":{"line":85,"column":null}},"34":{"start":{"line":86,"column":8},"end":{"line":86,"column":null}},"35":{"start":{"line":89,"column":8},"end":{"line":89,"column":null}},"36":{"start":{"line":89,"column":54},"end":{"line":89,"column":null}},"37":{"start":{"line":91,"column":8},"end":{"line":91,"column":null}},"38":{"start":{"line":92,"column":8},"end":{"line":92,"column":null}},"39":{"start":{"line":93,"column":8},"end":{"line":93,"column":null}},"40":{"start":{"line":95,"column":8},"end":{"line":103,"column":null}},"41":{"start":{"line":96,"column":12},"end":{"line":96,"column":null}},"42":{"start":{"line":97,"column":12},"end":{"line":97,"column":null}},"43":{"start":{"line":99,"column":12},"end":{"line":99,"column":null}},"44":{"start":{"line":101,"column":12},"end":{"line":101,"column":null}},"45":{"start":{"line":102,"column":12},"end":{"line":102,"column":null}},"46":{"start":{"line":106,"column":4},"end":{"line":106,"column":null}},"47":{"start":{"line":106,"column":19},"end":{"line":106,"column":null}},"48":{"start":{"line":108,"column":4},"end":{"line":154,"column":null}}},"fnMap":{"0":{"name":"login","decl":{"start":{"line":8,"column":15},"end":{"line":8,"column":21}},"loc":{"start":{"line":8,"column":69},"end":{"line":12,"column":null}},"line":8},"1":{"name":"(anonymous_1)","decl":{"start":{"line":9,"column":14},"end":{"line":9,"column":23}},"loc":{"start":{"line":9,"column":35},"end":{"line":9,"column":60}},"line":9},"2":{"name":"validate","decl":{"start":{"line":31,"column":16},"end":{"line":31,"column":25}},"loc":{"start":{"line":31,"column":57},"end":{"line":50,"column":null}},"line":31},"3":{"name":"LoginForm","decl":{"start":{"line":56,"column":16},"end":{"line":56,"column":28}},"loc":{"start":{"line":56,"column":28},"end":{"line":156,"column":null}},"line":56},"4":{"name":"(anonymous_4)","decl":{"start":{"line":70,"column":10},"end":{"line":70,"column":26}},"loc":{"start":{"line":70,"column":69},"end":{"line":77,"column":null}},"line":70},"5":{"name":"(anonymous_5)","decl":{"start":{"line":72,"column":8},"end":{"line":72,"column":19}},"loc":{"start":{"line":72,"column":29},"end":{"line":72,"column":54}},"line":72},"6":{"name":"(anonymous_6)","decl":{"start":{"line":75,"column":8},"end":{"line":75,"column":19}},"loc":{"start":{"line":75,"column":29},"end":{"line":75,"column":58}},"line":75},"7":{"name":"(anonymous_7)","decl":{"start":{"line":79,"column":25},"end":{"line":79,"column":32}},"loc":{"start":{"line":79,"column":55},"end":{"line":104,"column":null}},"line":79}},"branchMap":{"0":{"loc":{"start":{"line":10,"column":4},"end":{"line":10,"column":null}},"type":"if","locations":[{"start":{"line":10,"column":4},"end":{"line":10,"column":null}},{"start":{},"end":{}}],"line":10},"1":{"loc":{"start":{"line":10,"column":8},"end":{"line":10,"column":61}},"type":"binary-expr","locations":[{"start":{"line":10,"column":8},"end":{"line":10,"column":36}},{"start":{"line":10,"column":36},"end":{"line":10,"column":61}}],"line":10},"2":{"loc":{"start":{"line":35,"column":4},"end":{"line":41,"column":null}},"type":"if","locations":[{"start":{"line":35,"column":4},"end":{"line":41,"column":null}},{"start":{"line":37,"column":11},"end":{"line":41,"column":null}}],"line":35},"3":{"loc":{"start":{"line":37,"column":11},"end":{"line":41,"column":null}},"type":"if","locations":[{"start":{"line":37,"column":11},"end":{"line":41,"column":null}},{"start":{},"end":{}}],"line":37},"4":{"loc":{"start":{"line":43,"column":4},"end":{"line":47,"column":null}},"type":"if","locations":[{"start":{"line":43,"column":4},"end":{"line":47,"column":null}},{"start":{"line":45,"column":11},"end":{"line":47,"column":null}}],"line":43},"5":{"loc":{"start":{"line":45,"column":11},"end":{"line":47,"column":null}},"type":"if","locations":[{"start":{"line":45,"column":11},"end":{"line":47,"column":null}},{"start":{},"end":{}}],"line":45},"6":{"loc":{"start":{"line":83,"column":8},"end":{"line":83,"column":null}},"type":"if","locations":[{"start":{"line":83,"column":8},"end":{"line":83,"column":null}},{"start":{},"end":{}}],"line":83},"7":{"loc":{"start":{"line":89,"column":8},"end":{"line":89,"column":null}},"type":"if","locations":[{"start":{"line":89,"column":8},"end":{"line":89,"column":null}},{"start":{},"end":{}}],"line":89},"8":{"loc":{"start":{"line":99,"column":27},"end":{"line":99,"column":84}},"type":"cond-expr","locations":[{"start":{"line":99,"column":50},"end":{"line":99,"column":64}},{"start":{"line":99,"column":64},"end":{"line":99,"column":84}}],"line":99},"9":{"loc":{"start":{"line":106,"column":4},"end":{"line":106,"column":null}},"type":"if","locations":[{"start":{"line":106,"column":4},"end":{"line":106,"column":null}},{"start":{},"end":{}}],"line":106},"10":{"loc":{"start":{"line":121,"column":17},"end":{"line":122,"column":null}},"type":"binary-expr","locations":[{"start":{"line":121,"column":17},"end":{"line":121,"column":null}},{"start":{"line":122,"column":20},"end":{"line":122,"column":null}}],"line":121},"11":{"loc":{"start":{"line":137,"column":17},"end":{"line":138,"column":null}},"type":"binary-expr","locations":[{"start":{"line":137,"column":17},"end":{"line":137,"column":null}},{"start":{"line":138,"column":20},"end":{"line":138,"column":null}}],"line":137},"12":{"loc":{"start":{"line":143,"column":13},"end":{"line":144,"column":null}},"type":"binary-expr","locations":[{"start":{"line":143,"column":13},"end":{"line":143,"column":null}},{"start":{"line":144,"column":16},"end":{"line":144,"column":null}}],"line":143},"13":{"loc":{"start":{"line":152,"column":17},"end":{"line":152,"column":null}},"type":"cond-expr","locations":[{"start":{"line":152,"column":29},"end":{"line":152,"column":46}},{"start":{"line":152,"column":46},"end":{"line":152,"column":null}}],"line":152}},"s":{"0":1,"1":0,"2":0,"3":0,"4":0,"5":0,"6":4,"7":4,"8":1,"9":3,"10":1,"11":4,"12":0,"13":4,"14":1,"15":4,"16":0,"17":0,"18":0,"19":0,"20":0,"21":0,"22":0,"23":0,"24":0,"25":0,"26":0,"27":0,"28":0,"29":0,"30":0,"31":0,"32":0,"33":0,"34":0,"35":0,"36":0,"37":0,"38":0,"39":0,"40":0,"41":0,"42":0,"43":0,"44":0,"45":0,"46":0,"47":0,"48":0},"f":{"0":0,"1":0,"2":4,"3":0,"4":0,"5":0,"6":0,"7":0},"b":{"0":[0,0],"1":[0,0],"2":[1,3],"3":[1,2],"4":[0,4],"5":[1,3],"6":[0,0],"7":[0,0],"8":[0,0],"9":[0,0],"10":[0,0],"11":[0,0],"12":[0,0],"13":[0,0]},"meta":{"lastBranch":14,"lastFunction":8,"lastStatement":49,"seen":{"s:1:0:1:Infinity":0,"f:8:15:8:21":0,"s:9:4:9:Infinity":1,"f:9:14:9:23":1,"s:9:35:9:60":2,"b:10:4:10:Infinity:undefined:undefined:undefined:undefined":0,"s:10:4:10:Infinity":3,"b:10:8:10:36:10:36:10:61":1,"s:10:61:10:Infinity":4,"s:11:4:11:Infinity":5,"f:31:16:31:25":2,"s:32:31:32:Infinity":6,"b:35:4:41:Infinity:37:11:41:Infinity":2,"s:35:4:41:Infinity":7,"s:36:8:36:Infinity":8,"b:37:11:41:Infinity:undefined:undefined:undefined:undefined":3,"s:37:11:41:Infinity":9,"s:40:8:40:Infinity":10,"b:43:4:47:Infinity:45:11:47:Infinity":4,"s:43:4:47:Infinity":11,"s:44:8:44:Infinity":12,"b:45:11:47:Infinity:undefined:undefined:undefined:undefined":5,"s:45:11:47:Infinity":13,"s:46:8:46:Infinity":14,"s:49:4:49:Infinity":15,"f:56:16:56:28":3,"s:57:32:57:Infinity":16,"s:58:32:58:Infinity":17,"s:59:42:59:Infinity":18,"s:60:38:60:Infinity":19,"s:61:38:61:Infinity":20,"s:67:25:67:Infinity":21,"s:70:10:77:Infinity":22,"f:70:10:70:26":4,"s:71:30:71:Infinity":23,"s:72:8:72:Infinity":24,"f:72:8:72:19":5,"s:72:29:72:54":25,"s:75:8:75:Infinity":26,"f:75:8:75:19":6,"s:75:29:75:58":27,"s:76:8:76:Infinity":28,"s:79:25:104:Infinity":29,"f:79:25:79:32":7,"s:80:8:80:Infinity":30,"b:83:8:83:Infinity:undefined:undefined:undefined:undefined":6,"s:83:8:83:Infinity":31,"s:83:34:83:Infinity":32,"s:85:33:85:Infinity":33,"s:86:8:86:Infinity":34,"b:89:8:89:Infinity:undefined:undefined:undefined:undefined":7,"s:89:8:89:Infinity":35,"s:89:54:89:Infinity":36,"s:91:8:91:Infinity":37,"s:92:8:92:Infinity":38,"s:93:8:93:Infinity":39,"s:95:8:103:Infinity":40,"s:96:12:96:Infinity":41,"s:97:12:97:Infinity":42,"s:99:12:99:Infinity":43,"b:99:50:99:64:99:64:99:84":8,"s:101:12:101:Infinity":44,"s:102:12:102:Infinity":45,"b:106:4:106:Infinity:undefined:undefined:undefined:undefined":9,"s:106:4:106:Infinity":46,"s:106:19:106:Infinity":47,"s:108:4:154:Infinity":48,"b:121:17:121:Infinity:122:20:122:Infinity":10,"b:137:17:137:Infinity:138:20:138:Infinity":11,"b:143:13:143:Infinity:144:16:144:Infinity":12,"b:152:29:152:46:152:46:152:Infinity":13},"fnNames":{}}}
}
